2017-03-07 02:30:30,972 WARN org.apache.hadoop.util.NativeCodeLoader: Unable to load native-hadoop library for your platform... using builtin-java classes where applicable
2017-03-07 02:30:34,013 INFO org.apache.hadoop.conf.Configuration.deprecation: session.id is deprecated. Instead, use dfs.metrics.session-id
2017-03-07 02:30:34,033 INFO org.apache.hadoop.metrics.jvm.JvmMetrics: Initializing JVM Metrics with processName=JobTracker, sessionId=
2017-03-07 02:30:34,244 WARN org.apache.hadoop.security.UserGroupInformation: PriviledgedActionException as:cloudera (auth:SIMPLE) cause:org.apache.hadoop.mapred.FileAlreadyExistsException: Output directory file:/home/cloudera/Desktop/resultat.txt already exists
2017-03-07 02:31:37,093 WARN org.apache.hadoop.util.NativeCodeLoader: Unable to load native-hadoop library for your platform... using builtin-java classes where applicable
2017-03-07 02:31:40,509 INFO org.apache.hadoop.conf.Configuration.deprecation: session.id is deprecated. Instead, use dfs.metrics.session-id
2017-03-07 02:31:40,519 INFO org.apache.hadoop.metrics.jvm.JvmMetrics: Initializing JVM Metrics with processName=JobTracker, sessionId=
2017-03-07 02:31:43,792 WARN org.apache.hadoop.mapreduce.JobResourceUploader: Hadoop command-line option parsing not performed. Implement the Tool interface and execute your application with ToolRunner to remedy this.
2017-03-07 02:31:43,833 WARN org.apache.hadoop.mapreduce.JobResourceUploader: No job jar file set.  User classes may not be found. See Job or Job#setJar(String).
2017-03-07 02:31:43,990 INFO org.apache.hadoop.mapreduce.lib.input.FileInputFormat: Total input paths to process : 1
2017-03-07 02:31:44,238 INFO org.apache.hadoop.mapreduce.JobSubmitter: number of splits:7
2017-03-07 02:31:45,598 INFO org.apache.hadoop.mapreduce.JobSubmitter: Submitting tokens for job: job_local822252575_0001
2017-03-07 02:31:47,412 INFO org.apache.hadoop.mapreduce.Job: The url to track the job: http://localhost:8080/
2017-03-07 02:31:47,416 INFO org.apache.hadoop.mapreduce.Job: Running job: job_local822252575_0001
2017-03-07 02:31:47,434 INFO org.apache.hadoop.mapred.LocalJobRunner: OutputCommitter set in config null
2017-03-07 02:31:47,469 INFO org.apache.hadoop.mapreduce.lib.output.FileOutputCommitter: File Output Committer Algorithm version is 1
2017-03-07 02:31:47,481 INFO org.apache.hadoop.mapred.LocalJobRunner: OutputCommitter is org.apache.hadoop.mapreduce.lib.output.FileOutputCommitter
2017-03-07 02:31:47,863 INFO org.apache.hadoop.mapred.LocalJobRunner: Waiting for map tasks
2017-03-07 02:31:47,867 INFO org.apache.hadoop.mapred.LocalJobRunner: Starting task: attempt_local822252575_0001_m_000000_0
2017-03-07 02:31:48,080 INFO org.apache.hadoop.mapreduce.lib.output.FileOutputCommitter: File Output Committer Algorithm version is 1
2017-03-07 02:31:48,247 INFO org.apache.hadoop.mapred.Task:  Using ResourceCalculatorProcessTree : [ ]
2017-03-07 02:31:48,302 INFO org.apache.hadoop.mapred.MapTask: Processing split: file:/home/cloudera/Desktop/share/purchases.txt:0+33554432
2017-03-07 02:31:48,432 INFO org.apache.hadoop.mapreduce.Job: Job job_local822252575_0001 running in uber mode : false
2017-03-07 02:31:48,453 INFO org.apache.hadoop.mapreduce.Job:  map 0% reduce 0%
2017-03-07 02:31:49,393 INFO org.apache.hadoop.mapred.MapTask: (EQUATOR) 0 kvi 26214396(104857584)
2017-03-07 02:31:49,398 INFO org.apache.hadoop.mapred.MapTask: mapreduce.task.io.sort.mb: 100
2017-03-07 02:31:49,398 INFO org.apache.hadoop.mapred.MapTask: soft limit at 83886080
2017-03-07 02:31:49,399 INFO org.apache.hadoop.mapred.MapTask: bufstart = 0; bufvoid = 104857600
2017-03-07 02:31:49,399 INFO org.apache.hadoop.mapred.MapTask: kvstart = 26214396; length = 6553600
2017-03-07 02:31:49,427 INFO org.apache.hadoop.mapred.MapTask: Map output collector class = org.apache.hadoop.mapred.MapTask$MapOutputBuffer
2017-03-07 02:31:54,177 INFO org.apache.hadoop.mapred.LocalJobRunner: map > map
2017-03-07 02:31:57,180 INFO org.apache.hadoop.mapred.LocalJobRunner: map > map
2017-03-07 02:31:57,495 INFO org.apache.hadoop.mapreduce.Job:  map 1% reduce 0%
2017-03-07 02:32:00,183 INFO org.apache.hadoop.mapred.LocalJobRunner: map > map
2017-03-07 02:32:00,500 INFO org.apache.hadoop.mapreduce.Job:  map 4% reduce 0%
2017-03-07 02:32:03,188 INFO org.apache.hadoop.mapred.LocalJobRunner: map > map
2017-03-07 02:32:03,506 INFO org.apache.hadoop.mapreduce.Job:  map 6% reduce 0%
2017-03-07 02:32:06,192 INFO org.apache.hadoop.mapred.LocalJobRunner: map > map
2017-03-07 02:32:06,511 INFO org.apache.hadoop.mapreduce.Job:  map 9% reduce 0%
2017-03-07 02:32:06,657 INFO org.apache.hadoop.mapred.LocalJobRunner: map > map
2017-03-07 02:32:06,668 INFO org.apache.hadoop.mapred.MapTask: Starting flush of map output
2017-03-07 02:32:06,668 INFO org.apache.hadoop.mapred.MapTask: Spilling map output
2017-03-07 02:32:06,669 INFO org.apache.hadoop.mapred.MapTask: bufstart = 0; bufend = 11580074; bufvoid = 104857600
2017-03-07 02:32:06,669 INFO org.apache.hadoop.mapred.MapTask: kvstart = 26214396(104857584); kvend = 23586356(94345424); length = 2628041/6553600
2017-03-07 02:32:09,195 INFO org.apache.hadoop.mapred.LocalJobRunner: map > sort
2017-03-07 02:32:09,516 INFO org.apache.hadoop.mapreduce.Job:  map 10% reduce 0%
2017-03-07 02:32:10,911 INFO org.apache.hadoop.mapred.MapTask: Finished spill 0
2017-03-07 02:32:10,924 INFO org.apache.hadoop.mapred.Task: Task:attempt_local822252575_0001_m_000000_0 is done. And is in the process of committing
2017-03-07 02:32:10,929 INFO org.apache.hadoop.mapred.LocalJobRunner: map
2017-03-07 02:32:10,930 INFO org.apache.hadoop.mapred.Task: Task 'attempt_local822252575_0001_m_000000_0' done.
2017-03-07 02:32:10,931 INFO org.apache.hadoop.mapred.LocalJobRunner: Finishing task: attempt_local822252575_0001_m_000000_0
2017-03-07 02:32:10,931 INFO org.apache.hadoop.mapred.LocalJobRunner: Starting task: attempt_local822252575_0001_m_000001_0
2017-03-07 02:32:10,935 INFO org.apache.hadoop.mapreduce.lib.output.FileOutputCommitter: File Output Committer Algorithm version is 1
2017-03-07 02:32:10,938 INFO org.apache.hadoop.mapred.Task:  Using ResourceCalculatorProcessTree : [ ]
2017-03-07 02:32:10,944 INFO org.apache.hadoop.mapred.MapTask: Processing split: file:/home/cloudera/Desktop/share/purchases.txt:33554432+33554432
2017-03-07 02:32:11,103 INFO org.apache.hadoop.mapred.MapTask: (EQUATOR) 0 kvi 26214396(104857584)
2017-03-07 02:32:11,109 INFO org.apache.hadoop.mapred.MapTask: mapreduce.task.io.sort.mb: 100
2017-03-07 02:32:11,110 INFO org.apache.hadoop.mapred.MapTask: soft limit at 83886080
2017-03-07 02:32:11,111 INFO org.apache.hadoop.mapred.MapTask: bufstart = 0; bufvoid = 104857600
2017-03-07 02:32:11,111 INFO org.apache.hadoop.mapred.MapTask: kvstart = 26214396; length = 6553600
2017-03-07 02:32:11,118 INFO org.apache.hadoop.mapred.MapTask: Map output collector class = org.apache.hadoop.mapred.MapTask$MapOutputBuffer
2017-03-07 02:32:11,520 INFO org.apache.hadoop.mapreduce.Job:  map 100% reduce 0%
2017-03-07 02:32:16,944 INFO org.apache.hadoop.mapred.LocalJobRunner: map > map
2017-03-07 02:32:17,528 INFO org.apache.hadoop.mapreduce.Job:  map 20% reduce 0%
2017-03-07 02:32:19,947 INFO org.apache.hadoop.mapred.LocalJobRunner: map > map
2017-03-07 02:32:20,408 INFO org.apache.hadoop.mapred.LocalJobRunner: map > map
2017-03-07 02:32:20,410 INFO org.apache.hadoop.mapred.MapTask: Starting flush of map output
2017-03-07 02:32:20,411 INFO org.apache.hadoop.mapred.MapTask: Spilling map output
2017-03-07 02:32:20,411 INFO org.apache.hadoop.mapred.MapTask: bufstart = 0; bufend = 11579860; bufvoid = 104857600
2017-03-07 02:32:20,411 INFO org.apache.hadoop.mapred.MapTask: kvstart = 26214396(104857584); kvend = 23585260(94341040); length = 2629137/6553600
2017-03-07 02:32:20,537 INFO org.apache.hadoop.mapreduce.Job:  map 23% reduce 0%
2017-03-07 02:32:22,950 INFO org.apache.hadoop.mapred.LocalJobRunner: map > sort
2017-03-07 02:32:23,542 INFO org.apache.hadoop.mapreduce.Job:  map 24% reduce 0%
2017-03-07 02:32:23,740 INFO org.apache.hadoop.mapred.MapTask: Finished spill 0
2017-03-07 02:32:23,746 INFO org.apache.hadoop.mapred.Task: Task:attempt_local822252575_0001_m_000001_0 is done. And is in the process of committing
2017-03-07 02:32:23,751 INFO org.apache.hadoop.mapred.LocalJobRunner: map
2017-03-07 02:32:23,751 INFO org.apache.hadoop.mapred.Task: Task 'attempt_local822252575_0001_m_000001_0' done.
2017-03-07 02:32:23,752 INFO org.apache.hadoop.mapred.LocalJobRunner: Finishing task: attempt_local822252575_0001_m_000001_0
2017-03-07 02:32:23,752 INFO org.apache.hadoop.mapred.LocalJobRunner: Starting task: attempt_local822252575_0001_m_000002_0
2017-03-07 02:32:23,755 INFO org.apache.hadoop.mapreduce.lib.output.FileOutputCommitter: File Output Committer Algorithm version is 1
2017-03-07 02:32:23,757 INFO org.apache.hadoop.mapred.Task:  Using ResourceCalculatorProcessTree : [ ]
2017-03-07 02:32:23,762 INFO org.apache.hadoop.mapred.MapTask: Processing split: file:/home/cloudera/Desktop/share/purchases.txt:67108864+33554432
2017-03-07 02:32:23,911 INFO org.apache.hadoop.mapred.MapTask: (EQUATOR) 0 kvi 26214396(104857584)
2017-03-07 02:32:23,912 INFO org.apache.hadoop.mapred.MapTask: mapreduce.task.io.sort.mb: 100
2017-03-07 02:32:23,913 INFO org.apache.hadoop.mapred.MapTask: soft limit at 83886080
2017-03-07 02:32:23,914 INFO org.apache.hadoop.mapred.MapTask: bufstart = 0; bufvoid = 104857600
2017-03-07 02:32:23,915 INFO org.apache.hadoop.mapred.MapTask: kvstart = 26214396; length = 6553600
2017-03-07 02:32:23,920 INFO org.apache.hadoop.mapred.MapTask: Map output collector class = org.apache.hadoop.mapred.MapTask$MapOutputBuffer
2017-03-07 02:32:24,545 INFO org.apache.hadoop.mapreduce.Job:  map 100% reduce 0%
2017-03-07 02:32:29,762 INFO org.apache.hadoop.mapred.LocalJobRunner: map > map
2017-03-07 02:32:30,557 INFO org.apache.hadoop.mapreduce.Job:  map 34% reduce 0%
2017-03-07 02:32:32,766 INFO org.apache.hadoop.mapred.LocalJobRunner: map > map
2017-03-07 02:32:33,563 INFO org.apache.hadoop.mapreduce.Job:  map 37% reduce 0%
2017-03-07 02:32:34,204 INFO org.apache.hadoop.mapred.LocalJobRunner: map > map
2017-03-07 02:32:34,205 INFO org.apache.hadoop.mapred.MapTask: Starting flush of map output
2017-03-07 02:32:34,206 INFO org.apache.hadoop.mapred.MapTask: Spilling map output
2017-03-07 02:32:34,206 INFO org.apache.hadoop.mapred.MapTask: bufstart = 0; bufend = 11579805; bufvoid = 104857600
2017-03-07 02:32:34,207 INFO org.apache.hadoop.mapred.MapTask: kvstart = 26214396(104857584); kvend = 23586148(94344592); length = 2628249/6553600
2017-03-07 02:32:35,769 INFO org.apache.hadoop.mapred.LocalJobRunner: map > sort
2017-03-07 02:32:36,568 INFO org.apache.hadoop.mapreduce.Job:  map 38% reduce 0%
2017-03-07 02:32:37,076 INFO org.apache.hadoop.mapred.MapTask: Finished spill 0
2017-03-07 02:32:37,083 INFO org.apache.hadoop.mapred.Task: Task:attempt_local822252575_0001_m_000002_0 is done. And is in the process of committing
2017-03-07 02:32:37,087 INFO org.apache.hadoop.mapred.LocalJobRunner: map
2017-03-07 02:32:37,088 INFO org.apache.hadoop.mapred.Task: Task 'attempt_local822252575_0001_m_000002_0' done.
2017-03-07 02:32:37,088 INFO org.apache.hadoop.mapred.LocalJobRunner: Finishing task: attempt_local822252575_0001_m_000002_0
2017-03-07 02:32:37,089 INFO org.apache.hadoop.mapred.LocalJobRunner: Starting task: attempt_local822252575_0001_m_000003_0
2017-03-07 02:32:37,093 INFO org.apache.hadoop.mapreduce.lib.output.FileOutputCommitter: File Output Committer Algorithm version is 1
2017-03-07 02:32:37,095 INFO org.apache.hadoop.mapred.Task:  Using ResourceCalculatorProcessTree : [ ]
2017-03-07 02:32:37,099 INFO org.apache.hadoop.mapred.MapTask: Processing split: file:/home/cloudera/Desktop/share/purchases.txt:100663296+33554432
2017-03-07 02:32:37,313 INFO org.apache.hadoop.mapred.MapTask: (EQUATOR) 0 kvi 26214396(104857584)
2017-03-07 02:32:37,315 INFO org.apache.hadoop.mapred.MapTask: mapreduce.task.io.sort.mb: 100
2017-03-07 02:32:37,315 INFO org.apache.hadoop.mapred.MapTask: soft limit at 83886080
2017-03-07 02:32:37,316 INFO org.apache.hadoop.mapred.MapTask: bufstart = 0; bufvoid = 104857600
2017-03-07 02:32:37,316 INFO org.apache.hadoop.mapred.MapTask: kvstart = 26214396; length = 6553600
2017-03-07 02:32:37,318 INFO org.apache.hadoop.mapred.MapTask: Map output collector class = org.apache.hadoop.mapred.MapTask$MapOutputBuffer
2017-03-07 02:32:37,572 INFO org.apache.hadoop.mapreduce.Job:  map 100% reduce 0%
2017-03-07 02:32:43,099 INFO org.apache.hadoop.mapred.LocalJobRunner: map > map
2017-03-07 02:32:43,585 INFO org.apache.hadoop.mapreduce.Job:  map 47% reduce 0%
2017-03-07 02:32:46,101 INFO org.apache.hadoop.mapred.LocalJobRunner: map > map
2017-03-07 02:32:46,592 INFO org.apache.hadoop.mapreduce.Job:  map 49% reduce 0%
2017-03-07 02:32:49,105 INFO org.apache.hadoop.mapred.LocalJobRunner: map > map
2017-03-07 02:32:49,453 INFO org.apache.hadoop.mapred.LocalJobRunner: map > map
2017-03-07 02:32:49,455 INFO org.apache.hadoop.mapred.MapTask: Starting flush of map output
2017-03-07 02:32:49,456 INFO org.apache.hadoop.mapred.MapTask: Spilling map output
2017-03-07 02:32:49,456 INFO org.apache.hadoop.mapred.MapTask: bufstart = 0; bufend = 11579843; bufvoid = 104857600
2017-03-07 02:32:49,457 INFO org.apache.hadoop.mapred.MapTask: kvstart = 26214396(104857584); kvend = 23586104(94344416); length = 2628293/6553600
2017-03-07 02:32:49,597 INFO org.apache.hadoop.mapreduce.Job:  map 52% reduce 0%
2017-03-07 02:32:52,108 INFO org.apache.hadoop.mapred.LocalJobRunner: map > sort
2017-03-07 02:32:52,455 INFO org.apache.hadoop.mapred.MapTask: Finished spill 0
2017-03-07 02:32:52,460 INFO org.apache.hadoop.mapred.Task: Task:attempt_local822252575_0001_m_000003_0 is done. And is in the process of committing
2017-03-07 02:32:52,464 INFO org.apache.hadoop.mapred.LocalJobRunner: map
2017-03-07 02:32:52,464 INFO org.apache.hadoop.mapred.Task: Task 'attempt_local822252575_0001_m_000003_0' done.
2017-03-07 02:32:52,465 INFO org.apache.hadoop.mapred.LocalJobRunner: Finishing task: attempt_local822252575_0001_m_000003_0
2017-03-07 02:32:52,465 INFO org.apache.hadoop.mapred.LocalJobRunner: Starting task: attempt_local822252575_0001_m_000004_0
2017-03-07 02:32:52,468 INFO org.apache.hadoop.mapreduce.lib.output.FileOutputCommitter: File Output Committer Algorithm version is 1
2017-03-07 02:32:52,469 INFO org.apache.hadoop.mapred.Task:  Using ResourceCalculatorProcessTree : [ ]
2017-03-07 02:32:52,473 INFO org.apache.hadoop.mapred.MapTask: Processing split: file:/home/cloudera/Desktop/share/purchases.txt:134217728+33554432
2017-03-07 02:32:52,603 INFO org.apache.hadoop.mapreduce.Job:  map 100% reduce 0%
2017-03-07 02:32:52,636 INFO org.apache.hadoop.mapred.MapTask: (EQUATOR) 0 kvi 26214396(104857584)
2017-03-07 02:32:52,636 INFO org.apache.hadoop.mapred.MapTask: mapreduce.task.io.sort.mb: 100
2017-03-07 02:32:52,637 INFO org.apache.hadoop.mapred.MapTask: soft limit at 83886080
2017-03-07 02:32:52,637 INFO org.apache.hadoop.mapred.MapTask: bufstart = 0; bufvoid = 104857600
2017-03-07 02:32:52,637 INFO org.apache.hadoop.mapred.MapTask: kvstart = 26214396; length = 6553600
2017-03-07 02:32:52,639 INFO org.apache.hadoop.mapred.MapTask: Map output collector class = org.apache.hadoop.mapred.MapTask$MapOutputBuffer
2017-03-07 02:32:58,476 INFO org.apache.hadoop.mapred.LocalJobRunner: map > map
2017-03-07 02:32:58,612 INFO org.apache.hadoop.mapreduce.Job:  map 63% reduce 0%
2017-03-07 02:33:00,893 INFO org.apache.hadoop.mapred.LocalJobRunner: map > map
2017-03-07 02:33:00,895 INFO org.apache.hadoop.mapred.MapTask: Starting flush of map output
2017-03-07 02:33:00,895 INFO org.apache.hadoop.mapred.MapTask: Spilling map output
2017-03-07 02:33:00,895 INFO org.apache.hadoop.mapred.MapTask: bufstart = 0; bufend = 11579594; bufvoid = 104857600
2017-03-07 02:33:00,895 INFO org.apache.hadoop.mapred.MapTask: kvstart = 26214396(104857584); kvend = 23585972(94343888); length = 2628425/6553600
2017-03-07 02:33:01,479 INFO org.apache.hadoop.mapred.LocalJobRunner: map > sort
2017-03-07 02:33:01,615 INFO org.apache.hadoop.mapreduce.Job:  map 67% reduce 0%
2017-03-07 02:33:03,843 INFO org.apache.hadoop.mapred.MapTask: Finished spill 0
2017-03-07 02:33:03,851 INFO org.apache.hadoop.mapred.Task: Task:attempt_local822252575_0001_m_000004_0 is done. And is in the process of committing
2017-03-07 02:33:03,858 INFO org.apache.hadoop.mapred.LocalJobRunner: map
2017-03-07 02:33:03,859 INFO org.apache.hadoop.mapred.Task: Task 'attempt_local822252575_0001_m_000004_0' done.
2017-03-07 02:33:03,860 INFO org.apache.hadoop.mapred.LocalJobRunner: Finishing task: attempt_local822252575_0001_m_000004_0
2017-03-07 02:33:03,861 INFO org.apache.hadoop.mapred.LocalJobRunner: Starting task: attempt_local822252575_0001_m_000005_0
2017-03-07 02:33:03,865 INFO org.apache.hadoop.mapreduce.lib.output.FileOutputCommitter: File Output Committer Algorithm version is 1
2017-03-07 02:33:03,868 INFO org.apache.hadoop.mapred.Task:  Using ResourceCalculatorProcessTree : [ ]
2017-03-07 02:33:03,877 INFO org.apache.hadoop.mapred.MapTask: Processing split: file:/home/cloudera/Desktop/share/purchases.txt:167772160+33554432
2017-03-07 02:33:04,379 INFO org.apache.hadoop.mapred.MapTask: (EQUATOR) 0 kvi 26214396(104857584)
2017-03-07 02:33:04,380 INFO org.apache.hadoop.mapred.MapTask: mapreduce.task.io.sort.mb: 100
2017-03-07 02:33:04,384 INFO org.apache.hadoop.mapred.MapTask: soft limit at 83886080
2017-03-07 02:33:04,385 INFO org.apache.hadoop.mapred.MapTask: bufstart = 0; bufvoid = 104857600
2017-03-07 02:33:04,385 INFO org.apache.hadoop.mapred.MapTask: kvstart = 26214396; length = 6553600
2017-03-07 02:33:04,389 INFO org.apache.hadoop.mapred.MapTask: Map output collector class = org.apache.hadoop.mapred.MapTask$MapOutputBuffer
2017-03-07 02:33:04,621 INFO org.apache.hadoop.mapreduce.Job:  map 100% reduce 0%
2017-03-07 02:33:09,873 INFO org.apache.hadoop.mapred.LocalJobRunner: map > map
2017-03-07 02:33:10,630 INFO org.apache.hadoop.mapreduce.Job:  map 77% reduce 0%
2017-03-07 02:33:12,879 INFO org.apache.hadoop.mapred.LocalJobRunner: map > map
2017-03-07 02:33:13,355 INFO org.apache.hadoop.mapred.LocalJobRunner: map > map
2017-03-07 02:33:13,358 INFO org.apache.hadoop.mapred.MapTask: Starting flush of map output
2017-03-07 02:33:13,358 INFO org.apache.hadoop.mapred.MapTask: Spilling map output
2017-03-07 02:33:13,359 INFO org.apache.hadoop.mapred.MapTask: bufstart = 0; bufend = 11579935; bufvoid = 104857600
2017-03-07 02:33:13,359 INFO org.apache.hadoop.mapred.MapTask: kvstart = 26214396(104857584); kvend = 23585028(94340112); length = 2629369/6553600
2017-03-07 02:33:13,635 INFO org.apache.hadoop.mapreduce.Job:  map 81% reduce 0%
2017-03-07 02:33:15,692 INFO org.apache.hadoop.mapred.MapTask: Finished spill 0
2017-03-07 02:33:15,711 INFO org.apache.hadoop.mapred.Task: Task:attempt_local822252575_0001_m_000005_0 is done. And is in the process of committing
2017-03-07 02:33:15,718 INFO org.apache.hadoop.mapred.LocalJobRunner: map
2017-03-07 02:33:15,719 INFO org.apache.hadoop.mapred.Task: Task 'attempt_local822252575_0001_m_000005_0' done.
2017-03-07 02:33:15,720 INFO org.apache.hadoop.mapred.LocalJobRunner: Finishing task: attempt_local822252575_0001_m_000005_0
2017-03-07 02:33:15,721 INFO org.apache.hadoop.mapred.LocalJobRunner: Starting task: attempt_local822252575_0001_m_000006_0
2017-03-07 02:33:15,726 INFO org.apache.hadoop.mapreduce.lib.output.FileOutputCommitter: File Output Committer Algorithm version is 1
2017-03-07 02:33:15,729 INFO org.apache.hadoop.mapred.Task:  Using ResourceCalculatorProcessTree : [ ]
2017-03-07 02:33:15,736 INFO org.apache.hadoop.mapred.MapTask: Processing split: file:/home/cloudera/Desktop/share/purchases.txt:201326592+9986332
2017-03-07 02:33:16,078 INFO org.apache.hadoop.mapred.MapTask: (EQUATOR) 0 kvi 26214396(104857584)
2017-03-07 02:33:16,080 INFO org.apache.hadoop.mapred.MapTask: mapreduce.task.io.sort.mb: 100
2017-03-07 02:33:16,081 INFO org.apache.hadoop.mapred.MapTask: soft limit at 83886080
2017-03-07 02:33:16,082 INFO org.apache.hadoop.mapred.MapTask: bufstart = 0; bufvoid = 104857600
2017-03-07 02:33:16,083 INFO org.apache.hadoop.mapred.MapTask: kvstart = 26214396; length = 6553600
2017-03-07 02:33:16,087 INFO org.apache.hadoop.mapred.MapTask: Map output collector class = org.apache.hadoop.mapred.MapTask$MapOutputBuffer
2017-03-07 02:33:16,640 INFO org.apache.hadoop.mapreduce.Job:  map 100% reduce 0%
2017-03-07 02:33:19,312 INFO org.apache.hadoop.mapred.LocalJobRunner: 
2017-03-07 02:33:19,314 INFO org.apache.hadoop.mapred.MapTask: Starting flush of map output
2017-03-07 02:33:19,314 INFO org.apache.hadoop.mapred.MapTask: Spilling map output
2017-03-07 02:33:19,314 INFO org.apache.hadoop.mapred.MapTask: bufstart = 0; bufend = 3447443; bufvoid = 104857600
2017-03-07 02:33:19,315 INFO org.apache.hadoop.mapred.MapTask: kvstart = 26214396(104857584); kvend = 25432028(101728112); length = 782369/6553600
2017-03-07 02:33:19,649 INFO org.apache.hadoop.mapreduce.Job:  map 86% reduce 0%
2017-03-07 02:33:20,196 INFO org.apache.hadoop.mapred.MapTask: Finished spill 0
2017-03-07 02:33:20,204 INFO org.apache.hadoop.mapred.Task: Task:attempt_local822252575_0001_m_000006_0 is done. And is in the process of committing
2017-03-07 02:33:20,217 INFO org.apache.hadoop.mapred.LocalJobRunner: map
2017-03-07 02:33:20,221 INFO org.apache.hadoop.mapred.Task: Task 'attempt_local822252575_0001_m_000006_0' done.
2017-03-07 02:33:20,222 INFO org.apache.hadoop.mapred.LocalJobRunner: Finishing task: attempt_local822252575_0001_m_000006_0
2017-03-07 02:33:20,223 INFO org.apache.hadoop.mapred.LocalJobRunner: map task executor complete.
2017-03-07 02:33:20,244 INFO org.apache.hadoop.mapred.LocalJobRunner: Waiting for reduce tasks
2017-03-07 02:33:20,246 INFO org.apache.hadoop.mapred.LocalJobRunner: Starting task: attempt_local822252575_0001_r_000000_0
2017-03-07 02:33:20,323 INFO org.apache.hadoop.mapreduce.lib.output.FileOutputCommitter: File Output Committer Algorithm version is 1
2017-03-07 02:33:20,334 INFO org.apache.hadoop.mapred.Task:  Using ResourceCalculatorProcessTree : [ ]
2017-03-07 02:33:20,382 INFO org.apache.hadoop.mapred.ReduceTask: Using ShuffleConsumerPlugin: org.apache.hadoop.mapreduce.task.reduce.Shuffle@6033b0e4
2017-03-07 02:33:20,524 INFO org.apache.hadoop.mapreduce.task.reduce.MergeManagerImpl: MergerManager: memoryLimit=679778688, maxSingleShuffleLimit=169944672, mergeThreshold=448653952, ioSortFactor=10, memToMemMergeOutputsThreshold=10
2017-03-07 02:33:20,540 INFO org.apache.hadoop.mapreduce.task.reduce.EventFetcher: attempt_local822252575_0001_r_000000_0 Thread started: EventFetcher for fetching Map Completion Events
2017-03-07 02:33:20,654 INFO org.apache.hadoop.mapreduce.Job:  map 100% reduce 0%
2017-03-07 02:33:21,021 INFO org.apache.hadoop.mapreduce.task.reduce.LocalFetcher: localfetcher#1 about to shuffle output of map attempt_local822252575_0001_m_000002_0 decomp: 12893933 len: 12893937 to MEMORY
2017-03-07 02:33:21,271 INFO org.apache.hadoop.mapreduce.task.reduce.InMemoryMapOutput: Read 12893933 bytes from map-output for attempt_local822252575_0001_m_000002_0
2017-03-07 02:33:21,291 INFO org.apache.hadoop.mapreduce.task.reduce.MergeManagerImpl: closeInMemoryFile -> map-output of size: 12893933, inMemoryMapOutputs.size() -> 1, commitMemory -> 0, usedMemory ->12893933
2017-03-07 02:33:21,396 INFO org.apache.hadoop.mapreduce.task.reduce.LocalFetcher: localfetcher#1 about to shuffle output of map attempt_local822252575_0001_m_000005_0 decomp: 12894623 len: 12894627 to MEMORY
2017-03-07 02:33:21,601 INFO org.apache.hadoop.mapreduce.task.reduce.InMemoryMapOutput: Read 12894623 bytes from map-output for attempt_local822252575_0001_m_000005_0
2017-03-07 02:33:21,602 INFO org.apache.hadoop.mapreduce.task.reduce.MergeManagerImpl: closeInMemoryFile -> map-output of size: 12894623, inMemoryMapOutputs.size() -> 2, commitMemory -> 12893933, usedMemory ->25788556
2017-03-07 02:33:21,665 INFO org.apache.hadoop.mapreduce.task.reduce.LocalFetcher: localfetcher#1 about to shuffle output of map attempt_local822252575_0001_m_000006_0 decomp: 3838631 len: 3838635 to MEMORY
2017-03-07 02:33:21,719 INFO org.apache.hadoop.mapreduce.task.reduce.InMemoryMapOutput: Read 3838631 bytes from map-output for attempt_local822252575_0001_m_000006_0
2017-03-07 02:33:21,726 INFO org.apache.hadoop.mapreduce.task.reduce.MergeManagerImpl: closeInMemoryFile -> map-output of size: 3838631, inMemoryMapOutputs.size() -> 3, commitMemory -> 25788556, usedMemory ->29627187
2017-03-07 02:33:21,750 INFO org.apache.hadoop.mapreduce.task.reduce.LocalFetcher: localfetcher#1 about to shuffle output of map attempt_local822252575_0001_m_000000_0 decomp: 12894098 len: 12894102 to MEMORY
2017-03-07 02:33:21,957 INFO org.apache.hadoop.mapreduce.task.reduce.InMemoryMapOutput: Read 12894098 bytes from map-output for attempt_local822252575_0001_m_000000_0
2017-03-07 02:33:21,959 INFO org.apache.hadoop.mapreduce.task.reduce.MergeManagerImpl: closeInMemoryFile -> map-output of size: 12894098, inMemoryMapOutputs.size() -> 4, commitMemory -> 29627187, usedMemory ->42521285
2017-03-07 02:33:22,364 INFO org.apache.hadoop.mapreduce.task.reduce.LocalFetcher: localfetcher#1 about to shuffle output of map attempt_local822252575_0001_m_000003_0 decomp: 12893993 len: 12893997 to MEMORY
2017-03-07 02:33:22,534 INFO org.apache.hadoop.mapreduce.task.reduce.InMemoryMapOutput: Read 12893993 bytes from map-output for attempt_local822252575_0001_m_000003_0
2017-03-07 02:33:22,535 INFO org.apache.hadoop.mapreduce.task.reduce.MergeManagerImpl: closeInMemoryFile -> map-output of size: 12893993, inMemoryMapOutputs.size() -> 5, commitMemory -> 42521285, usedMemory ->55415278
2017-03-07 02:33:22,563 INFO org.apache.hadoop.mapreduce.task.reduce.LocalFetcher: localfetcher#1 about to shuffle output of map attempt_local822252575_0001_m_000001_0 decomp: 12894432 len: 12894436 to MEMORY
2017-03-07 02:33:22,800 INFO org.apache.hadoop.mapreduce.task.reduce.InMemoryMapOutput: Read 12894432 bytes from map-output for attempt_local822252575_0001_m_000001_0
2017-03-07 02:33:22,808 INFO org.apache.hadoop.mapreduce.task.reduce.MergeManagerImpl: closeInMemoryFile -> map-output of size: 12894432, inMemoryMapOutputs.size() -> 6, commitMemory -> 55415278, usedMemory ->68309710
2017-03-07 02:33:22,846 INFO org.apache.hadoop.mapreduce.task.reduce.LocalFetcher: localfetcher#1 about to shuffle output of map attempt_local822252575_0001_m_000004_0 decomp: 12893810 len: 12893814 to MEMORY
2017-03-07 02:33:23,073 INFO org.apache.hadoop.mapreduce.task.reduce.InMemoryMapOutput: Read 12893810 bytes from map-output for attempt_local822252575_0001_m_000004_0
2017-03-07 02:33:23,085 INFO org.apache.hadoop.mapreduce.task.reduce.MergeManagerImpl: closeInMemoryFile -> map-output of size: 12893810, inMemoryMapOutputs.size() -> 7, commitMemory -> 68309710, usedMemory ->81203520
2017-03-07 02:33:23,086 INFO org.apache.hadoop.mapreduce.task.reduce.EventFetcher: EventFetcher is interrupted.. Returning
2017-03-07 02:33:23,093 INFO org.apache.hadoop.mapred.LocalJobRunner: 7 / 7 copied.
2017-03-07 02:33:23,096 INFO org.apache.hadoop.mapreduce.task.reduce.MergeManagerImpl: finalMerge called with 7 in-memory map-outputs and 0 on-disk map-outputs
2017-03-07 02:33:23,168 INFO org.apache.hadoop.mapred.Merger: Merging 7 sorted segments
2017-03-07 02:33:23,179 INFO org.apache.hadoop.mapred.Merger: Down to the last merge-pass, with 7 segments left of total size: 81203422 bytes
2017-03-07 02:33:26,341 INFO org.apache.hadoop.mapred.LocalJobRunner: reduce > sort
2017-03-07 02:33:26,671 INFO org.apache.hadoop.mapreduce.Job:  map 100% reduce 34%
2017-03-07 02:33:29,345 INFO org.apache.hadoop.mapred.LocalJobRunner: reduce > sort
2017-03-07 02:33:29,677 INFO org.apache.hadoop.mapreduce.Job:  map 100% reduce 36%
2017-03-07 02:33:32,348 INFO org.apache.hadoop.mapred.LocalJobRunner: reduce > sort
2017-03-07 02:33:32,683 INFO org.apache.hadoop.mapreduce.Job:  map 100% reduce 45%
2017-03-07 02:33:35,351 INFO org.apache.hadoop.mapred.LocalJobRunner: reduce > sort
2017-03-07 02:33:35,689 INFO org.apache.hadoop.mapreduce.Job:  map 100% reduce 54%
2017-03-07 02:33:38,354 INFO org.apache.hadoop.mapred.LocalJobRunner: reduce > sort
2017-03-07 02:33:38,695 INFO org.apache.hadoop.mapreduce.Job:  map 100% reduce 64%
2017-03-07 02:33:39,351 INFO org.apache.hadoop.mapreduce.task.reduce.MergeManagerImpl: Merged 7 segments, 81203520 bytes to disk to satisfy reduce memory limit
2017-03-07 02:33:39,353 INFO org.apache.hadoop.mapreduce.task.reduce.MergeManagerImpl: Merging 1 files, 81203512 bytes from disk
2017-03-07 02:33:39,356 INFO org.apache.hadoop.mapreduce.task.reduce.MergeManagerImpl: Merging 0 segments, 0 bytes from memory into reduce
2017-03-07 02:33:39,357 INFO org.apache.hadoop.mapred.Merger: Merging 1 sorted segments
2017-03-07 02:33:39,359 INFO org.apache.hadoop.mapred.Merger: Down to the last merge-pass, with 1 segments left of total size: 81203494 bytes
2017-03-07 02:33:39,361 INFO org.apache.hadoop.mapred.LocalJobRunner: reduce > sort
2017-03-07 02:33:39,453 INFO org.apache.hadoop.conf.Configuration.deprecation: mapred.skip.on is deprecated. Instead, use mapreduce.job.skiprecords
2017-03-07 02:33:41,368 INFO org.apache.hadoop.mapred.LocalJobRunner: reduce > reduce
2017-03-07 02:33:41,702 INFO org.apache.hadoop.mapreduce.Job:  map 100% reduce 67%
2017-03-07 02:33:44,376 INFO org.apache.hadoop.mapred.LocalJobRunner: reduce > reduce
2017-03-07 02:33:44,707 INFO org.apache.hadoop.mapreduce.Job:  map 100% reduce 76%
2017-03-07 02:33:47,379 INFO org.apache.hadoop.mapred.LocalJobRunner: reduce > reduce
2017-03-07 02:33:47,713 INFO org.apache.hadoop.mapreduce.Job:  map 100% reduce 82%
2017-03-07 02:33:50,382 INFO org.apache.hadoop.mapred.LocalJobRunner: reduce > reduce
2017-03-07 02:33:50,720 INFO org.apache.hadoop.mapreduce.Job:  map 100% reduce 90%
2017-03-07 02:33:53,385 INFO org.apache.hadoop.mapred.LocalJobRunner: reduce > reduce
2017-03-07 02:33:53,659 INFO org.apache.hadoop.mapred.Task: Task:attempt_local822252575_0001_r_000000_0 is done. And is in the process of committing
2017-03-07 02:33:53,662 INFO org.apache.hadoop.mapred.LocalJobRunner: reduce > reduce
2017-03-07 02:33:53,663 INFO org.apache.hadoop.mapred.Task: Task attempt_local822252575_0001_r_000000_0 is allowed to commit now
2017-03-07 02:33:53,665 INFO org.apache.hadoop.mapreduce.lib.output.FileOutputCommitter: Saved output of task 'attempt_local822252575_0001_r_000000_0' to file:/home/cloudera/Desktop/resultat.txt/_temporary/0/task_local822252575_0001_r_000000
2017-03-07 02:33:53,667 INFO org.apache.hadoop.mapred.LocalJobRunner: reduce > reduce
2017-03-07 02:33:53,667 INFO org.apache.hadoop.mapred.Task: Task 'attempt_local822252575_0001_r_000000_0' done.
2017-03-07 02:33:53,668 INFO org.apache.hadoop.mapred.LocalJobRunner: Finishing task: attempt_local822252575_0001_r_000000_0
2017-03-07 02:33:53,668 INFO org.apache.hadoop.mapred.LocalJobRunner: reduce task executor complete.
2017-03-07 02:33:53,725 INFO org.apache.hadoop.mapreduce.Job:  map 100% reduce 100%
2017-03-07 02:33:53,758 WARN org.apache.hadoop.mapred.LocalJobRunner: job_local822252575_0001
java.lang.NoClassDefFoundError: org/apache/http/client/methods/HttpUriRequest
	at org.apache.hadoop.mapred.LocalJobRunner$Job.run(LocalJobRunner.java:573)
Caused by: java.lang.ClassNotFoundException: org.apache.http.client.methods.HttpUriRequest
	at java.net.URLClassLoader$1.run(URLClassLoader.java:366)
	at java.net.URLClassLoader$1.run(URLClassLoader.java:355)
	at java.security.AccessController.doPrivileged(Native Method)
	at java.net.URLClassLoader.findClass(URLClassLoader.java:354)
	at java.lang.ClassLoader.loadClass(ClassLoader.java:425)
	at sun.misc.Launcher$AppClassLoader.loadClass(Launcher.java:308)
	at java.lang.ClassLoader.loadClass(ClassLoader.java:358)
	... 1 more
2017-03-07 02:33:54,728 INFO org.apache.hadoop.mapreduce.Job: Job job_local822252575_0001 failed with state FAILED due to: NA
2017-03-07 02:33:54,873 INFO org.apache.hadoop.mapreduce.Job: Counters: 30
	File System Counters
		FILE: Number of bytes read=1289838249
		FILE: Number of bytes written=516593826
		FILE: Number of read operations=0
		FILE: Number of large read operations=0
		FILE: Number of write operations=0
	Map-Reduce Framework
		Map input records=4138476
		Map output records=4138476
		Map output bytes=72926554
		Map output materialized bytes=81203548
		Input split bytes=784
		Combine input records=0
		Combine output records=0
		Reduce input groups=103
		Reduce shuffle bytes=81203548
		Reduce input records=4138476
		Reduce output records=103
		Spilled Records=8276952
		Shuffled Maps =7
		Failed Shuffles=0
		Merged Map outputs=7
		GC time elapsed (ms)=2279
		Total committed heap usage (bytes)=1533399040
	Shuffle Errors
		BAD_ID=0
		CONNECTION=0
		IO_ERROR=0
		WRONG_LENGTH=0
		WRONG_MAP=0
		WRONG_REDUCE=0
	File Input Format Counters 
		Bytes Read=211337500
	File Output Format Counters 
		Bytes Written=3088
2017-03-07 03:49:28,565 WARN org.apache.hadoop.util.NativeCodeLoader: Unable to load native-hadoop library for your platform... using builtin-java classes where applicable
2017-03-07 03:49:31,575 INFO org.apache.hadoop.conf.Configuration.deprecation: session.id is deprecated. Instead, use dfs.metrics.session-id
2017-03-07 03:49:31,585 INFO org.apache.hadoop.metrics.jvm.JvmMetrics: Initializing JVM Metrics with processName=JobTracker, sessionId=
2017-03-07 03:49:33,870 WARN org.apache.hadoop.mapreduce.JobResourceUploader: Hadoop command-line option parsing not performed. Implement the Tool interface and execute your application with ToolRunner to remedy this.
2017-03-07 03:49:33,892 WARN org.apache.hadoop.mapreduce.JobResourceUploader: No job jar file set.  User classes may not be found. See Job or Job#setJar(String).
2017-03-07 03:49:33,941 INFO org.apache.hadoop.mapreduce.lib.input.FileInputFormat: Total input paths to process : 1
2017-03-07 03:49:34,275 INFO org.apache.hadoop.mapreduce.JobSubmitter: number of splits:1
2017-03-07 03:49:35,373 INFO org.apache.hadoop.mapreduce.JobSubmitter: Submitting tokens for job: job_local370919571_0001
2017-03-07 03:49:38,341 INFO org.apache.hadoop.mapreduce.Job: The url to track the job: http://localhost:8080/
2017-03-07 03:49:38,349 INFO org.apache.hadoop.mapreduce.Job: Running job: job_local370919571_0001
2017-03-07 03:49:38,375 INFO org.apache.hadoop.mapred.LocalJobRunner: OutputCommitter set in config null
2017-03-07 03:49:38,514 INFO org.apache.hadoop.mapreduce.lib.output.FileOutputCommitter: File Output Committer Algorithm version is 1
2017-03-07 03:49:38,542 INFO org.apache.hadoop.mapred.LocalJobRunner: OutputCommitter is org.apache.hadoop.mapreduce.lib.output.FileOutputCommitter
2017-03-07 03:49:39,134 INFO org.apache.hadoop.mapred.LocalJobRunner: Waiting for map tasks
2017-03-07 03:49:39,138 INFO org.apache.hadoop.mapred.LocalJobRunner: Starting task: attempt_local370919571_0001_m_000000_0
2017-03-07 03:49:39,406 INFO org.apache.hadoop.mapreduce.Job: Job job_local370919571_0001 running in uber mode : false
2017-03-07 03:49:39,433 INFO org.apache.hadoop.mapreduce.Job:  map 0% reduce 0%
2017-03-07 03:49:39,552 INFO org.apache.hadoop.mapreduce.lib.output.FileOutputCommitter: File Output Committer Algorithm version is 1
2017-03-07 03:49:40,086 INFO org.apache.hadoop.mapred.Task:  Using ResourceCalculatorProcessTree : [ ]
2017-03-07 03:49:40,286 INFO org.apache.hadoop.mapred.MapTask: Processing split: file:/home/cloudera/Desktop/test.txt:0+1018
2017-03-07 03:49:41,947 INFO org.apache.hadoop.mapred.MapTask: (EQUATOR) 0 kvi 26214396(104857584)
2017-03-07 03:49:41,955 INFO org.apache.hadoop.mapred.MapTask: mapreduce.task.io.sort.mb: 100
2017-03-07 03:49:41,956 INFO org.apache.hadoop.mapred.MapTask: soft limit at 83886080
2017-03-07 03:49:41,956 INFO org.apache.hadoop.mapred.MapTask: bufstart = 0; bufvoid = 104857600
2017-03-07 03:49:41,956 INFO org.apache.hadoop.mapred.MapTask: kvstart = 26214396; length = 6553600
2017-03-07 03:49:42,027 INFO org.apache.hadoop.mapred.MapTask: Map output collector class = org.apache.hadoop.mapred.MapTask$MapOutputBuffer
2017-03-07 03:49:42,197 INFO org.apache.hadoop.mapred.LocalJobRunner: 
2017-03-07 03:49:42,198 INFO org.apache.hadoop.mapred.MapTask: Starting flush of map output
2017-03-07 03:49:42,203 INFO org.apache.hadoop.mapred.MapTask: Spilling map output
2017-03-07 03:49:42,204 INFO org.apache.hadoop.mapred.MapTask: bufstart = 0; bufend = 382; bufvoid = 104857600
2017-03-07 03:49:42,205 INFO org.apache.hadoop.mapred.MapTask: kvstart = 26214396(104857584); kvend = 26214320(104857280); length = 77/6553600
2017-03-07 03:49:42,354 INFO org.apache.hadoop.mapred.MapTask: Finished spill 0
2017-03-07 03:49:42,419 INFO org.apache.hadoop.mapred.Task: Task:attempt_local370919571_0001_m_000000_0 is done. And is in the process of committing
2017-03-07 03:49:42,590 INFO org.apache.hadoop.mapred.LocalJobRunner: map
2017-03-07 03:49:42,592 INFO org.apache.hadoop.mapred.Task: Task 'attempt_local370919571_0001_m_000000_0' done.
2017-03-07 03:49:42,592 INFO org.apache.hadoop.mapred.LocalJobRunner: Finishing task: attempt_local370919571_0001_m_000000_0
2017-03-07 03:49:42,594 INFO org.apache.hadoop.mapred.LocalJobRunner: map task executor complete.
2017-03-07 03:49:42,662 INFO org.apache.hadoop.mapred.LocalJobRunner: Waiting for reduce tasks
2017-03-07 03:49:42,664 INFO org.apache.hadoop.mapred.LocalJobRunner: Starting task: attempt_local370919571_0001_r_000000_0
2017-03-07 03:49:42,863 INFO org.apache.hadoop.mapreduce.lib.output.FileOutputCommitter: File Output Committer Algorithm version is 1
2017-03-07 03:49:42,878 INFO org.apache.hadoop.mapred.Task:  Using ResourceCalculatorProcessTree : [ ]
2017-03-07 03:49:42,924 INFO org.apache.hadoop.mapred.ReduceTask: Using ShuffleConsumerPlugin: org.apache.hadoop.mapreduce.task.reduce.Shuffle@4b9ba20
2017-03-07 03:49:43,259 INFO org.apache.hadoop.mapreduce.task.reduce.MergeManagerImpl: MergerManager: memoryLimit=679778688, maxSingleShuffleLimit=169944672, mergeThreshold=448653952, ioSortFactor=10, memToMemMergeOutputsThreshold=10
2017-03-07 03:49:43,310 INFO org.apache.hadoop.mapreduce.task.reduce.EventFetcher: attempt_local370919571_0001_r_000000_0 Thread started: EventFetcher for fetching Map Completion Events
2017-03-07 03:49:43,535 INFO org.apache.hadoop.mapreduce.Job:  map 100% reduce 0%
2017-03-07 03:49:43,983 INFO org.apache.hadoop.mapreduce.task.reduce.LocalFetcher: localfetcher#1 about to shuffle output of map attempt_local370919571_0001_m_000000_0 decomp: 424 len: 428 to MEMORY
2017-03-07 03:49:44,044 INFO org.apache.hadoop.mapreduce.task.reduce.InMemoryMapOutput: Read 424 bytes from map-output for attempt_local370919571_0001_m_000000_0
2017-03-07 03:49:44,065 INFO org.apache.hadoop.mapreduce.task.reduce.MergeManagerImpl: closeInMemoryFile -> map-output of size: 424, inMemoryMapOutputs.size() -> 1, commitMemory -> 0, usedMemory ->424
2017-03-07 03:49:44,080 INFO org.apache.hadoop.mapreduce.task.reduce.EventFetcher: EventFetcher is interrupted.. Returning
2017-03-07 03:49:44,084 INFO org.apache.hadoop.mapred.LocalJobRunner: 1 / 1 copied.
2017-03-07 03:49:44,096 INFO org.apache.hadoop.mapreduce.task.reduce.MergeManagerImpl: finalMerge called with 1 in-memory map-outputs and 0 on-disk map-outputs
2017-03-07 03:49:44,238 INFO org.apache.hadoop.mapred.Merger: Merging 1 sorted segments
2017-03-07 03:49:44,240 INFO org.apache.hadoop.mapred.Merger: Down to the last merge-pass, with 1 segments left of total size: 417 bytes
2017-03-07 03:49:44,263 INFO org.apache.hadoop.mapreduce.task.reduce.MergeManagerImpl: Merged 1 segments, 424 bytes to disk to satisfy reduce memory limit
2017-03-07 03:49:44,265 INFO org.apache.hadoop.mapreduce.task.reduce.MergeManagerImpl: Merging 1 files, 428 bytes from disk
2017-03-07 03:49:44,286 INFO org.apache.hadoop.mapreduce.task.reduce.MergeManagerImpl: Merging 0 segments, 0 bytes from memory into reduce
2017-03-07 03:49:44,287 INFO org.apache.hadoop.mapred.Merger: Merging 1 sorted segments
2017-03-07 03:49:44,300 INFO org.apache.hadoop.mapred.Merger: Down to the last merge-pass, with 1 segments left of total size: 417 bytes
2017-03-07 03:49:44,310 INFO org.apache.hadoop.mapred.LocalJobRunner: 1 / 1 copied.
2017-03-07 03:49:44,434 INFO org.apache.hadoop.conf.Configuration.deprecation: mapred.skip.on is deprecated. Instead, use mapreduce.job.skiprecords
2017-03-07 03:49:44,657 INFO org.apache.hadoop.mapred.Task: Task:attempt_local370919571_0001_r_000000_0 is done. And is in the process of committing
2017-03-07 03:49:44,689 INFO org.apache.hadoop.mapred.LocalJobRunner: 1 / 1 copied.
2017-03-07 03:49:44,698 INFO org.apache.hadoop.mapred.Task: Task attempt_local370919571_0001_r_000000_0 is allowed to commit now
2017-03-07 03:49:44,736 INFO org.apache.hadoop.mapreduce.lib.output.FileOutputCommitter: Saved output of task 'attempt_local370919571_0001_r_000000_0' to file:/home/cloudera/Desktop/resultat.txt/_temporary/0/task_local370919571_0001_r_000000
2017-03-07 03:49:44,753 INFO org.apache.hadoop.mapred.LocalJobRunner: reduce > reduce
2017-03-07 03:49:44,764 INFO org.apache.hadoop.mapred.Task: Task 'attempt_local370919571_0001_r_000000_0' done.
2017-03-07 03:49:44,765 INFO org.apache.hadoop.mapred.LocalJobRunner: Finishing task: attempt_local370919571_0001_r_000000_0
2017-03-07 03:49:44,767 INFO org.apache.hadoop.mapred.LocalJobRunner: reduce task executor complete.
2017-03-07 03:49:44,971 WARN org.apache.hadoop.mapred.LocalJobRunner: job_local370919571_0001
java.lang.NoClassDefFoundError: org/apache/http/client/methods/HttpUriRequest
	at org.apache.hadoop.mapred.LocalJobRunner$Job.run(LocalJobRunner.java:573)
Caused by: java.lang.ClassNotFoundException: org.apache.http.client.methods.HttpUriRequest
	at java.net.URLClassLoader$1.run(URLClassLoader.java:366)
	at java.net.URLClassLoader$1.run(URLClassLoader.java:355)
	at java.security.AccessController.doPrivileged(Native Method)
	at java.net.URLClassLoader.findClass(URLClassLoader.java:354)
	at java.lang.ClassLoader.loadClass(ClassLoader.java:425)
	at sun.misc.Launcher$AppClassLoader.loadClass(Launcher.java:308)
	at java.lang.ClassLoader.loadClass(ClassLoader.java:358)
	... 1 more
2017-03-07 03:49:45,540 INFO org.apache.hadoop.mapreduce.Job:  map 100% reduce 100%
2017-03-07 03:49:45,567 INFO org.apache.hadoop.mapreduce.Job: Job job_local370919571_0001 failed with state FAILED due to: NA
2017-03-07 03:49:45,974 INFO org.apache.hadoop.mapreduce.Job: Counters: 30
	File System Counters
		FILE: Number of bytes read=3238
		FILE: Number of bytes written=550594
		FILE: Number of read operations=0
		FILE: Number of large read operations=0
		FILE: Number of write operations=0
	Map-Reduce Framework
		Map input records=20
		Map output records=20
		Map output bytes=382
		Map output materialized bytes=428
		Input split bytes=101
		Combine input records=0
		Combine output records=0
		Reduce input groups=12
		Reduce shuffle bytes=428
		Reduce input records=20
		Reduce output records=12
		Spilled Records=40
		Shuffled Maps =1
		Failed Shuffles=0
		Merged Map outputs=1
		GC time elapsed (ms)=560
		Total committed heap usage (bytes)=331227136
	Shuffle Errors
		BAD_ID=0
		CONNECTION=0
		IO_ERROR=0
		WRONG_LENGTH=0
		WRONG_MAP=0
		WRONG_REDUCE=0
	File Input Format Counters 
		Bytes Read=1018
	File Output Format Counters 
		Bytes Written=252
2017-03-07 03:50:46,192 WARN org.apache.hadoop.util.NativeCodeLoader: Unable to load native-hadoop library for your platform... using builtin-java classes where applicable
2017-03-07 03:50:49,625 INFO org.apache.hadoop.conf.Configuration.deprecation: session.id is deprecated. Instead, use dfs.metrics.session-id
2017-03-07 03:50:49,644 INFO org.apache.hadoop.metrics.jvm.JvmMetrics: Initializing JVM Metrics with processName=JobTracker, sessionId=
2017-03-07 03:50:53,122 WARN org.apache.hadoop.mapreduce.JobResourceUploader: Hadoop command-line option parsing not performed. Implement the Tool interface and execute your application with ToolRunner to remedy this.
2017-03-07 03:50:53,172 WARN org.apache.hadoop.mapreduce.JobResourceUploader: No job jar file set.  User classes may not be found. See Job or Job#setJar(String).
2017-03-07 03:50:53,306 INFO org.apache.hadoop.mapreduce.lib.input.FileInputFormat: Total input paths to process : 1
2017-03-07 03:50:53,621 INFO org.apache.hadoop.mapreduce.JobSubmitter: number of splits:7
2017-03-07 03:50:55,162 INFO org.apache.hadoop.mapreduce.JobSubmitter: Submitting tokens for job: job_local1060551312_0001
2017-03-07 03:50:58,246 INFO org.apache.hadoop.mapreduce.Job: The url to track the job: http://localhost:8080/
2017-03-07 03:50:58,254 INFO org.apache.hadoop.mapreduce.Job: Running job: job_local1060551312_0001
2017-03-07 03:50:58,289 INFO org.apache.hadoop.mapred.LocalJobRunner: OutputCommitter set in config null
2017-03-07 03:50:58,397 INFO org.apache.hadoop.mapreduce.lib.output.FileOutputCommitter: File Output Committer Algorithm version is 1
2017-03-07 03:50:58,416 INFO org.apache.hadoop.mapred.LocalJobRunner: OutputCommitter is org.apache.hadoop.mapreduce.lib.output.FileOutputCommitter
2017-03-07 03:50:59,053 INFO org.apache.hadoop.mapred.LocalJobRunner: Waiting for map tasks
2017-03-07 03:50:59,057 INFO org.apache.hadoop.mapred.LocalJobRunner: Starting task: attempt_local1060551312_0001_m_000000_0
2017-03-07 03:50:59,245 INFO org.apache.hadoop.mapreduce.lib.output.FileOutputCommitter: File Output Committer Algorithm version is 1
2017-03-07 03:50:59,295 INFO org.apache.hadoop.mapreduce.Job: Job job_local1060551312_0001 running in uber mode : false
2017-03-07 03:50:59,303 INFO org.apache.hadoop.mapreduce.Job:  map 0% reduce 0%
2017-03-07 03:50:59,339 INFO org.apache.hadoop.mapred.Task:  Using ResourceCalculatorProcessTree : [ ]
2017-03-07 03:50:59,373 INFO org.apache.hadoop.mapred.MapTask: Processing split: file:/home/cloudera/Desktop/share/purchases.txt:0+33554432
2017-03-07 03:51:00,211 INFO org.apache.hadoop.mapred.MapTask: (EQUATOR) 0 kvi 26214396(104857584)
2017-03-07 03:51:00,216 INFO org.apache.hadoop.mapred.MapTask: mapreduce.task.io.sort.mb: 100
2017-03-07 03:51:00,216 INFO org.apache.hadoop.mapred.MapTask: soft limit at 83886080
2017-03-07 03:51:00,217 INFO org.apache.hadoop.mapred.MapTask: bufstart = 0; bufvoid = 104857600
2017-03-07 03:51:00,218 INFO org.apache.hadoop.mapred.MapTask: kvstart = 26214396; length = 6553600
2017-03-07 03:51:00,248 INFO org.apache.hadoop.mapred.MapTask: Map output collector class = org.apache.hadoop.mapred.MapTask$MapOutputBuffer
2017-03-07 03:51:05,428 INFO org.apache.hadoop.mapred.LocalJobRunner: map > map
2017-03-07 03:51:08,433 INFO org.apache.hadoop.mapred.LocalJobRunner: map > map
2017-03-07 03:51:09,348 INFO org.apache.hadoop.mapreduce.Job:  map 1% reduce 0%
2017-03-07 03:51:11,438 INFO org.apache.hadoop.mapred.LocalJobRunner: map > map
2017-03-07 03:51:12,354 INFO org.apache.hadoop.mapreduce.Job:  map 4% reduce 0%
2017-03-07 03:51:14,442 INFO org.apache.hadoop.mapred.LocalJobRunner: map > map
2017-03-07 03:51:15,359 INFO org.apache.hadoop.mapreduce.Job:  map 6% reduce 0%
2017-03-07 03:51:17,446 INFO org.apache.hadoop.mapred.LocalJobRunner: map > map
2017-03-07 03:51:18,368 INFO org.apache.hadoop.mapreduce.Job:  map 9% reduce 0%
2017-03-07 03:51:18,680 INFO org.apache.hadoop.mapred.LocalJobRunner: map > map
2017-03-07 03:51:18,683 INFO org.apache.hadoop.mapred.MapTask: Starting flush of map output
2017-03-07 03:51:18,684 INFO org.apache.hadoop.mapred.MapTask: Spilling map output
2017-03-07 03:51:18,685 INFO org.apache.hadoop.mapred.MapTask: bufstart = 0; bufend = 12343217; bufvoid = 104857600
2017-03-07 03:51:18,685 INFO org.apache.hadoop.mapred.MapTask: kvstart = 26214396(104857584); kvend = 23586356(94345424); length = 2628041/6553600
2017-03-07 03:51:20,452 INFO org.apache.hadoop.mapred.LocalJobRunner: map > sort
2017-03-07 03:51:21,375 INFO org.apache.hadoop.mapreduce.Job:  map 10% reduce 0%
2017-03-07 03:51:23,457 INFO org.apache.hadoop.mapred.LocalJobRunner: map > sort
2017-03-07 03:51:23,649 INFO org.apache.hadoop.mapred.MapTask: Finished spill 0
2017-03-07 03:51:23,675 INFO org.apache.hadoop.mapred.Task: Task:attempt_local1060551312_0001_m_000000_0 is done. And is in the process of committing
2017-03-07 03:51:23,683 INFO org.apache.hadoop.mapred.LocalJobRunner: map
2017-03-07 03:51:23,684 INFO org.apache.hadoop.mapred.Task: Task 'attempt_local1060551312_0001_m_000000_0' done.
2017-03-07 03:51:23,685 INFO org.apache.hadoop.mapred.LocalJobRunner: Finishing task: attempt_local1060551312_0001_m_000000_0
2017-03-07 03:51:23,686 INFO org.apache.hadoop.mapred.LocalJobRunner: Starting task: attempt_local1060551312_0001_m_000001_0
2017-03-07 03:51:23,690 INFO org.apache.hadoop.mapreduce.lib.output.FileOutputCommitter: File Output Committer Algorithm version is 1
2017-03-07 03:51:23,693 INFO org.apache.hadoop.mapred.Task:  Using ResourceCalculatorProcessTree : [ ]
2017-03-07 03:51:23,700 INFO org.apache.hadoop.mapred.MapTask: Processing split: file:/home/cloudera/Desktop/share/purchases.txt:33554432+33554432
2017-03-07 03:51:23,934 INFO org.apache.hadoop.mapred.MapTask: (EQUATOR) 0 kvi 26214396(104857584)
2017-03-07 03:51:23,936 INFO org.apache.hadoop.mapred.MapTask: mapreduce.task.io.sort.mb: 100
2017-03-07 03:51:23,936 INFO org.apache.hadoop.mapred.MapTask: soft limit at 83886080
2017-03-07 03:51:23,941 INFO org.apache.hadoop.mapred.MapTask: bufstart = 0; bufvoid = 104857600
2017-03-07 03:51:23,942 INFO org.apache.hadoop.mapred.MapTask: kvstart = 26214396; length = 6553600
2017-03-07 03:51:23,949 INFO org.apache.hadoop.mapred.MapTask: Map output collector class = org.apache.hadoop.mapred.MapTask$MapOutputBuffer
2017-03-07 03:51:24,380 INFO org.apache.hadoop.mapreduce.Job:  map 100% reduce 0%
2017-03-07 03:51:29,699 INFO org.apache.hadoop.mapred.LocalJobRunner: map > map
2017-03-07 03:51:30,392 INFO org.apache.hadoop.mapreduce.Job:  map 18% reduce 0%
2017-03-07 03:51:32,703 INFO org.apache.hadoop.mapred.LocalJobRunner: map > map
2017-03-07 03:51:33,399 INFO org.apache.hadoop.mapreduce.Job:  map 21% reduce 0%
2017-03-07 03:51:35,711 INFO org.apache.hadoop.mapred.LocalJobRunner: map > map
2017-03-07 03:51:36,415 INFO org.apache.hadoop.mapreduce.Job:  map 23% reduce 0%
2017-03-07 03:51:38,715 INFO org.apache.hadoop.mapred.LocalJobRunner: map > map
2017-03-07 03:51:39,421 INFO org.apache.hadoop.mapreduce.Job:  map 24% reduce 0%
2017-03-07 03:51:39,541 INFO org.apache.hadoop.mapred.LocalJobRunner: map > map
2017-03-07 03:51:39,550 INFO org.apache.hadoop.mapred.MapTask: Starting flush of map output
2017-03-07 03:51:39,551 INFO org.apache.hadoop.mapred.MapTask: Spilling map output
2017-03-07 03:51:39,551 INFO org.apache.hadoop.mapred.MapTask: bufstart = 0; bufend = 12341596; bufvoid = 104857600
2017-03-07 03:51:39,568 INFO org.apache.hadoop.mapred.MapTask: kvstart = 26214396(104857584); kvend = 23585260(94341040); length = 2629137/6553600
2017-03-07 03:51:41,719 INFO org.apache.hadoop.mapred.LocalJobRunner: map > sort
2017-03-07 03:51:44,722 INFO org.apache.hadoop.mapred.LocalJobRunner: map > sort
2017-03-07 03:51:47,725 INFO org.apache.hadoop.mapred.LocalJobRunner: map > sort
2017-03-07 03:51:50,207 INFO org.apache.hadoop.mapred.MapTask: Finished spill 0
2017-03-07 03:51:50,223 INFO org.apache.hadoop.mapred.Task: Task:attempt_local1060551312_0001_m_000001_0 is done. And is in the process of committing
2017-03-07 03:51:50,236 INFO org.apache.hadoop.mapred.LocalJobRunner: map
2017-03-07 03:51:50,240 INFO org.apache.hadoop.mapred.Task: Task 'attempt_local1060551312_0001_m_000001_0' done.
2017-03-07 03:51:50,241 INFO org.apache.hadoop.mapred.LocalJobRunner: Finishing task: attempt_local1060551312_0001_m_000001_0
2017-03-07 03:51:50,242 INFO org.apache.hadoop.mapred.LocalJobRunner: Starting task: attempt_local1060551312_0001_m_000002_0
2017-03-07 03:51:50,251 INFO org.apache.hadoop.mapreduce.lib.output.FileOutputCommitter: File Output Committer Algorithm version is 1
2017-03-07 03:51:50,257 INFO org.apache.hadoop.mapred.Task:  Using ResourceCalculatorProcessTree : [ ]
2017-03-07 03:51:50,269 INFO org.apache.hadoop.mapred.MapTask: Processing split: file:/home/cloudera/Desktop/share/purchases.txt:67108864+33554432
2017-03-07 03:51:50,480 INFO org.apache.hadoop.mapreduce.Job:  map 100% reduce 0%
2017-03-07 03:51:50,521 INFO org.apache.hadoop.mapred.MapTask: (EQUATOR) 0 kvi 26214396(104857584)
2017-03-07 03:51:50,522 INFO org.apache.hadoop.mapred.MapTask: mapreduce.task.io.sort.mb: 100
2017-03-07 03:51:50,522 INFO org.apache.hadoop.mapred.MapTask: soft limit at 83886080
2017-03-07 03:51:50,523 INFO org.apache.hadoop.mapred.MapTask: bufstart = 0; bufvoid = 104857600
2017-03-07 03:51:50,523 INFO org.apache.hadoop.mapred.MapTask: kvstart = 26214396; length = 6553600
2017-03-07 03:51:50,527 INFO org.apache.hadoop.mapred.MapTask: Map output collector class = org.apache.hadoop.mapred.MapTask$MapOutputBuffer
2017-03-07 03:51:56,259 INFO org.apache.hadoop.mapred.LocalJobRunner: map > map
2017-03-07 03:51:56,490 INFO org.apache.hadoop.mapreduce.Job:  map 33% reduce 0%
2017-03-07 03:51:59,268 INFO org.apache.hadoop.mapred.LocalJobRunner: map > map
2017-03-07 03:51:59,495 INFO org.apache.hadoop.mapreduce.Job:  map 35% reduce 0%
2017-03-07 03:52:02,272 INFO org.apache.hadoop.mapred.LocalJobRunner: map > map
2017-03-07 03:52:02,501 INFO org.apache.hadoop.mapreduce.Job:  map 38% reduce 0%
2017-03-07 03:52:03,124 INFO org.apache.hadoop.mapred.LocalJobRunner: map > map
2017-03-07 03:52:03,127 INFO org.apache.hadoop.mapred.MapTask: Starting flush of map output
2017-03-07 03:52:03,127 INFO org.apache.hadoop.mapred.MapTask: Spilling map output
2017-03-07 03:52:03,128 INFO org.apache.hadoop.mapred.MapTask: bufstart = 0; bufend = 12342165; bufvoid = 104857600
2017-03-07 03:52:03,128 INFO org.apache.hadoop.mapred.MapTask: kvstart = 26214396(104857584); kvend = 23586148(94344592); length = 2628249/6553600
2017-03-07 03:52:05,276 INFO org.apache.hadoop.mapred.LocalJobRunner: map > sort
2017-03-07 03:52:06,152 INFO org.apache.hadoop.mapred.MapTask: Finished spill 0
2017-03-07 03:52:06,165 INFO org.apache.hadoop.mapred.Task: Task:attempt_local1060551312_0001_m_000002_0 is done. And is in the process of committing
2017-03-07 03:52:06,171 INFO org.apache.hadoop.mapred.LocalJobRunner: map
2017-03-07 03:52:06,172 INFO org.apache.hadoop.mapred.Task: Task 'attempt_local1060551312_0001_m_000002_0' done.
2017-03-07 03:52:06,173 INFO org.apache.hadoop.mapred.LocalJobRunner: Finishing task: attempt_local1060551312_0001_m_000002_0
2017-03-07 03:52:06,174 INFO org.apache.hadoop.mapred.LocalJobRunner: Starting task: attempt_local1060551312_0001_m_000003_0
2017-03-07 03:52:06,178 INFO org.apache.hadoop.mapreduce.lib.output.FileOutputCommitter: File Output Committer Algorithm version is 1
2017-03-07 03:52:06,180 INFO org.apache.hadoop.mapred.Task:  Using ResourceCalculatorProcessTree : [ ]
2017-03-07 03:52:06,186 INFO org.apache.hadoop.mapred.MapTask: Processing split: file:/home/cloudera/Desktop/share/purchases.txt:100663296+33554432
2017-03-07 03:52:06,398 INFO org.apache.hadoop.mapred.MapTask: (EQUATOR) 0 kvi 26214396(104857584)
2017-03-07 03:52:06,399 INFO org.apache.hadoop.mapred.MapTask: mapreduce.task.io.sort.mb: 100
2017-03-07 03:52:06,400 INFO org.apache.hadoop.mapred.MapTask: soft limit at 83886080
2017-03-07 03:52:06,400 INFO org.apache.hadoop.mapred.MapTask: bufstart = 0; bufvoid = 104857600
2017-03-07 03:52:06,401 INFO org.apache.hadoop.mapred.MapTask: kvstart = 26214396; length = 6553600
2017-03-07 03:52:06,404 INFO org.apache.hadoop.mapred.MapTask: Map output collector class = org.apache.hadoop.mapred.MapTask$MapOutputBuffer
2017-03-07 03:52:06,508 INFO org.apache.hadoop.mapreduce.Job:  map 100% reduce 0%
2017-03-07 03:52:12,187 INFO org.apache.hadoop.mapred.LocalJobRunner: map > map
2017-03-07 03:52:12,522 INFO org.apache.hadoop.mapreduce.Job:  map 48% reduce 0%
2017-03-07 03:52:15,191 INFO org.apache.hadoop.mapred.LocalJobRunner: map > map
2017-03-07 03:52:15,528 INFO org.apache.hadoop.mapreduce.Job:  map 50% reduce 0%
2017-03-07 03:52:18,183 INFO org.apache.hadoop.mapred.LocalJobRunner: map > map
2017-03-07 03:52:18,185 INFO org.apache.hadoop.mapred.MapTask: Starting flush of map output
2017-03-07 03:52:18,185 INFO org.apache.hadoop.mapred.MapTask: Spilling map output
2017-03-07 03:52:18,186 INFO org.apache.hadoop.mapred.MapTask: bufstart = 0; bufend = 12337739; bufvoid = 104857600
2017-03-07 03:52:18,187 INFO org.apache.hadoop.mapred.MapTask: kvstart = 26214396(104857584); kvend = 23586104(94344416); length = 2628293/6553600
2017-03-07 03:52:18,194 INFO org.apache.hadoop.mapred.LocalJobRunner: map > sort
2017-03-07 03:52:18,534 INFO org.apache.hadoop.mapreduce.Job:  map 52% reduce 0%
2017-03-07 03:52:21,197 INFO org.apache.hadoop.mapred.LocalJobRunner: map > sort
2017-03-07 03:52:21,723 INFO org.apache.hadoop.mapred.MapTask: Finished spill 0
2017-03-07 03:52:21,730 INFO org.apache.hadoop.mapred.Task: Task:attempt_local1060551312_0001_m_000003_0 is done. And is in the process of committing
2017-03-07 03:52:21,737 INFO org.apache.hadoop.mapred.LocalJobRunner: map
2017-03-07 03:52:21,738 INFO org.apache.hadoop.mapred.Task: Task 'attempt_local1060551312_0001_m_000003_0' done.
2017-03-07 03:52:21,739 INFO org.apache.hadoop.mapred.LocalJobRunner: Finishing task: attempt_local1060551312_0001_m_000003_0
2017-03-07 03:52:21,740 INFO org.apache.hadoop.mapred.LocalJobRunner: Starting task: attempt_local1060551312_0001_m_000004_0
2017-03-07 03:52:21,745 INFO org.apache.hadoop.mapreduce.lib.output.FileOutputCommitter: File Output Committer Algorithm version is 1
2017-03-07 03:52:21,748 INFO org.apache.hadoop.mapred.Task:  Using ResourceCalculatorProcessTree : [ ]
2017-03-07 03:52:21,753 INFO org.apache.hadoop.mapred.MapTask: Processing split: file:/home/cloudera/Desktop/share/purchases.txt:134217728+33554432
2017-03-07 03:52:22,159 INFO org.apache.hadoop.mapred.MapTask: (EQUATOR) 0 kvi 26214396(104857584)
2017-03-07 03:52:22,161 INFO org.apache.hadoop.mapred.MapTask: mapreduce.task.io.sort.mb: 100
2017-03-07 03:52:22,161 INFO org.apache.hadoop.mapred.MapTask: soft limit at 83886080
2017-03-07 03:52:22,162 INFO org.apache.hadoop.mapred.MapTask: bufstart = 0; bufvoid = 104857600
2017-03-07 03:52:22,162 INFO org.apache.hadoop.mapred.MapTask: kvstart = 26214396; length = 6553600
2017-03-07 03:52:22,165 INFO org.apache.hadoop.mapred.MapTask: Map output collector class = org.apache.hadoop.mapred.MapTask$MapOutputBuffer
2017-03-07 03:52:22,542 INFO org.apache.hadoop.mapreduce.Job:  map 100% reduce 0%
2017-03-07 03:52:27,753 INFO org.apache.hadoop.mapred.LocalJobRunner: map > map
2017-03-07 03:52:28,555 INFO org.apache.hadoop.mapreduce.Job:  map 62% reduce 0%
2017-03-07 03:52:30,761 INFO org.apache.hadoop.mapred.LocalJobRunner: map > map
2017-03-07 03:52:31,562 INFO org.apache.hadoop.mapreduce.Job:  map 64% reduce 0%
2017-03-07 03:52:33,765 INFO org.apache.hadoop.mapred.LocalJobRunner: map > map
2017-03-07 03:52:34,288 INFO org.apache.hadoop.mapred.LocalJobRunner: map > map
2017-03-07 03:52:34,293 INFO org.apache.hadoop.mapred.MapTask: Starting flush of map output
2017-03-07 03:52:34,294 INFO org.apache.hadoop.mapred.MapTask: Spilling map output
2017-03-07 03:52:34,294 INFO org.apache.hadoop.mapred.MapTask: bufstart = 0; bufend = 12336897; bufvoid = 104857600
2017-03-07 03:52:34,295 INFO org.apache.hadoop.mapred.MapTask: kvstart = 26214396(104857584); kvend = 23585972(94343888); length = 2628425/6553600
2017-03-07 03:52:34,569 INFO org.apache.hadoop.mapreduce.Job:  map 66% reduce 0%
2017-03-07 03:52:36,769 INFO org.apache.hadoop.mapred.LocalJobRunner: map > sort
2017-03-07 03:52:37,575 INFO org.apache.hadoop.mapreduce.Job:  map 67% reduce 0%
2017-03-07 03:52:37,975 INFO org.apache.hadoop.mapred.MapTask: Finished spill 0
2017-03-07 03:52:37,990 INFO org.apache.hadoop.mapred.Task: Task:attempt_local1060551312_0001_m_000004_0 is done. And is in the process of committing
2017-03-07 03:52:38,003 INFO org.apache.hadoop.mapred.LocalJobRunner: map
2017-03-07 03:52:38,007 INFO org.apache.hadoop.mapred.Task: Task 'attempt_local1060551312_0001_m_000004_0' done.
2017-03-07 03:52:38,008 INFO org.apache.hadoop.mapred.LocalJobRunner: Finishing task: attempt_local1060551312_0001_m_000004_0
2017-03-07 03:52:38,009 INFO org.apache.hadoop.mapred.LocalJobRunner: Starting task: attempt_local1060551312_0001_m_000005_0
2017-03-07 03:52:38,022 INFO org.apache.hadoop.mapreduce.lib.output.FileOutputCommitter: File Output Committer Algorithm version is 1
2017-03-07 03:52:38,032 INFO org.apache.hadoop.mapred.Task:  Using ResourceCalculatorProcessTree : [ ]
2017-03-07 03:52:38,042 INFO org.apache.hadoop.mapred.MapTask: Processing split: file:/home/cloudera/Desktop/share/purchases.txt:167772160+33554432
2017-03-07 03:52:38,510 INFO org.apache.hadoop.mapred.MapTask: (EQUATOR) 0 kvi 26214396(104857584)
2017-03-07 03:52:38,511 INFO org.apache.hadoop.mapred.MapTask: mapreduce.task.io.sort.mb: 100
2017-03-07 03:52:38,511 INFO org.apache.hadoop.mapred.MapTask: soft limit at 83886080
2017-03-07 03:52:38,512 INFO org.apache.hadoop.mapred.MapTask: bufstart = 0; bufvoid = 104857600
2017-03-07 03:52:38,513 INFO org.apache.hadoop.mapred.MapTask: kvstart = 26214396; length = 6553600
2017-03-07 03:52:38,520 INFO org.apache.hadoop.mapred.MapTask: Map output collector class = org.apache.hadoop.mapred.MapTask$MapOutputBuffer
2017-03-07 03:52:38,578 INFO org.apache.hadoop.mapreduce.Job:  map 100% reduce 0%
2017-03-07 03:52:44,034 INFO org.apache.hadoop.mapred.LocalJobRunner: map > map
2017-03-07 03:52:44,589 INFO org.apache.hadoop.mapreduce.Job:  map 75% reduce 0%
2017-03-07 03:52:47,039 INFO org.apache.hadoop.mapred.LocalJobRunner: map > map
2017-03-07 03:52:47,595 INFO org.apache.hadoop.mapreduce.Job:  map 76% reduce 0%
2017-03-07 03:52:50,046 INFO org.apache.hadoop.mapred.LocalJobRunner: map > map
2017-03-07 03:52:50,600 INFO org.apache.hadoop.mapreduce.Job:  map 77% reduce 0%
2017-03-07 03:52:53,049 INFO org.apache.hadoop.mapred.LocalJobRunner: map > map
2017-03-07 03:52:53,619 INFO org.apache.hadoop.mapreduce.Job:  map 78% reduce 0%
2017-03-07 03:52:56,053 INFO org.apache.hadoop.mapred.LocalJobRunner: map > map
2017-03-07 03:52:56,625 INFO org.apache.hadoop.mapreduce.Job:  map 80% reduce 0%
2017-03-07 03:52:57,206 INFO org.apache.hadoop.mapred.LocalJobRunner: map > map
2017-03-07 03:52:57,209 INFO org.apache.hadoop.mapred.MapTask: Starting flush of map output
2017-03-07 03:52:57,209 INFO org.apache.hadoop.mapred.MapTask: Spilling map output
2017-03-07 03:52:57,210 INFO org.apache.hadoop.mapred.MapTask: bufstart = 0; bufend = 12340397; bufvoid = 104857600
2017-03-07 03:52:57,211 INFO org.apache.hadoop.mapred.MapTask: kvstart = 26214396(104857584); kvend = 23585028(94340112); length = 2629369/6553600
2017-03-07 03:52:59,056 INFO org.apache.hadoop.mapred.LocalJobRunner: map > sort
2017-03-07 03:52:59,631 INFO org.apache.hadoop.mapreduce.Job:  map 81% reduce 0%
2017-03-07 03:52:59,913 INFO org.apache.hadoop.mapred.MapTask: Finished spill 0
2017-03-07 03:52:59,921 INFO org.apache.hadoop.mapred.Task: Task:attempt_local1060551312_0001_m_000005_0 is done. And is in the process of committing
2017-03-07 03:52:59,928 INFO org.apache.hadoop.mapred.LocalJobRunner: map
2017-03-07 03:52:59,929 INFO org.apache.hadoop.mapred.Task: Task 'attempt_local1060551312_0001_m_000005_0' done.
2017-03-07 03:52:59,929 INFO org.apache.hadoop.mapred.LocalJobRunner: Finishing task: attempt_local1060551312_0001_m_000005_0
2017-03-07 03:52:59,930 INFO org.apache.hadoop.mapred.LocalJobRunner: Starting task: attempt_local1060551312_0001_m_000006_0
2017-03-07 03:52:59,935 INFO org.apache.hadoop.mapreduce.lib.output.FileOutputCommitter: File Output Committer Algorithm version is 1
2017-03-07 03:52:59,938 INFO org.apache.hadoop.mapred.Task:  Using ResourceCalculatorProcessTree : [ ]
2017-03-07 03:52:59,944 INFO org.apache.hadoop.mapred.MapTask: Processing split: file:/home/cloudera/Desktop/share/purchases.txt:201326592+9986332
2017-03-07 03:53:00,226 INFO org.apache.hadoop.mapred.MapTask: (EQUATOR) 0 kvi 26214396(104857584)
2017-03-07 03:53:00,228 INFO org.apache.hadoop.mapred.MapTask: mapreduce.task.io.sort.mb: 100
2017-03-07 03:53:00,228 INFO org.apache.hadoop.mapred.MapTask: soft limit at 83886080
2017-03-07 03:53:00,228 INFO org.apache.hadoop.mapred.MapTask: bufstart = 0; bufvoid = 104857600
2017-03-07 03:53:00,229 INFO org.apache.hadoop.mapred.MapTask: kvstart = 26214396; length = 6553600
2017-03-07 03:53:00,232 INFO org.apache.hadoop.mapred.MapTask: Map output collector class = org.apache.hadoop.mapred.MapTask$MapOutputBuffer
2017-03-07 03:53:00,634 INFO org.apache.hadoop.mapreduce.Job:  map 100% reduce 0%
2017-03-07 03:53:03,469 INFO org.apache.hadoop.mapred.LocalJobRunner: 
2017-03-07 03:53:03,472 INFO org.apache.hadoop.mapred.MapTask: Starting flush of map output
2017-03-07 03:53:03,472 INFO org.apache.hadoop.mapred.MapTask: Spilling map output
2017-03-07 03:53:03,473 INFO org.apache.hadoop.mapred.MapTask: bufstart = 0; bufend = 3669511; bufvoid = 104857600
2017-03-07 03:53:03,473 INFO org.apache.hadoop.mapred.MapTask: kvstart = 26214396(104857584); kvend = 25432028(101728112); length = 782369/6553600
2017-03-07 03:53:03,640 INFO org.apache.hadoop.mapreduce.Job:  map 86% reduce 0%
2017-03-07 03:53:04,237 INFO org.apache.hadoop.mapred.MapTask: Finished spill 0
2017-03-07 03:53:04,245 INFO org.apache.hadoop.mapred.Task: Task:attempt_local1060551312_0001_m_000006_0 is done. And is in the process of committing
2017-03-07 03:53:04,251 INFO org.apache.hadoop.mapred.LocalJobRunner: map
2017-03-07 03:53:04,252 INFO org.apache.hadoop.mapred.Task: Task 'attempt_local1060551312_0001_m_000006_0' done.
2017-03-07 03:53:04,253 INFO org.apache.hadoop.mapred.LocalJobRunner: Finishing task: attempt_local1060551312_0001_m_000006_0
2017-03-07 03:53:04,254 INFO org.apache.hadoop.mapred.LocalJobRunner: map task executor complete.
2017-03-07 03:53:04,265 INFO org.apache.hadoop.mapred.LocalJobRunner: Waiting for reduce tasks
2017-03-07 03:53:04,267 INFO org.apache.hadoop.mapred.LocalJobRunner: Starting task: attempt_local1060551312_0001_r_000000_0
2017-03-07 03:53:04,320 INFO org.apache.hadoop.mapreduce.lib.output.FileOutputCommitter: File Output Committer Algorithm version is 1
2017-03-07 03:53:04,333 INFO org.apache.hadoop.mapred.Task:  Using ResourceCalculatorProcessTree : [ ]
2017-03-07 03:53:04,349 INFO org.apache.hadoop.mapred.ReduceTask: Using ShuffleConsumerPlugin: org.apache.hadoop.mapreduce.task.reduce.Shuffle@dc50766
2017-03-07 03:53:04,441 INFO org.apache.hadoop.mapreduce.task.reduce.MergeManagerImpl: MergerManager: memoryLimit=679778688, maxSingleShuffleLimit=169944672, mergeThreshold=448653952, ioSortFactor=10, memToMemMergeOutputsThreshold=10
2017-03-07 03:53:04,462 INFO org.apache.hadoop.mapreduce.task.reduce.EventFetcher: attempt_local1060551312_0001_r_000000_0 Thread started: EventFetcher for fetching Map Completion Events
2017-03-07 03:53:04,634 INFO org.apache.hadoop.mapreduce.task.reduce.LocalFetcher: localfetcher#1 about to shuffle output of map attempt_local1060551312_0001_m_000002_0 decomp: 13656293 len: 13656297 to MEMORY
2017-03-07 03:53:04,643 INFO org.apache.hadoop.mapreduce.Job:  map 100% reduce 0%
2017-03-07 03:53:04,786 INFO org.apache.hadoop.mapreduce.task.reduce.InMemoryMapOutput: Read 13656293 bytes from map-output for attempt_local1060551312_0001_m_000002_0
2017-03-07 03:53:04,797 INFO org.apache.hadoop.mapreduce.task.reduce.MergeManagerImpl: closeInMemoryFile -> map-output of size: 13656293, inMemoryMapOutputs.size() -> 1, commitMemory -> 0, usedMemory ->13656293
2017-03-07 03:53:04,858 INFO org.apache.hadoop.mapreduce.task.reduce.LocalFetcher: localfetcher#1 about to shuffle output of map attempt_local1060551312_0001_m_000005_0 decomp: 13655085 len: 13655089 to MEMORY
2017-03-07 03:53:05,000 INFO org.apache.hadoop.mapreduce.task.reduce.InMemoryMapOutput: Read 13655085 bytes from map-output for attempt_local1060551312_0001_m_000005_0
2017-03-07 03:53:05,002 INFO org.apache.hadoop.mapreduce.task.reduce.MergeManagerImpl: closeInMemoryFile -> map-output of size: 13655085, inMemoryMapOutputs.size() -> 2, commitMemory -> 13656293, usedMemory ->27311378
2017-03-07 03:53:05,049 INFO org.apache.hadoop.mapreduce.task.reduce.LocalFetcher: localfetcher#1 about to shuffle output of map attempt_local1060551312_0001_m_000004_0 decomp: 13651113 len: 13651117 to MEMORY
2017-03-07 03:53:05,172 INFO org.apache.hadoop.mapreduce.task.reduce.InMemoryMapOutput: Read 13651113 bytes from map-output for attempt_local1060551312_0001_m_000004_0
2017-03-07 03:53:05,173 INFO org.apache.hadoop.mapreduce.task.reduce.MergeManagerImpl: closeInMemoryFile -> map-output of size: 13651113, inMemoryMapOutputs.size() -> 3, commitMemory -> 27311378, usedMemory ->40962491
2017-03-07 03:53:05,380 INFO org.apache.hadoop.mapreduce.task.reduce.LocalFetcher: localfetcher#1 about to shuffle output of map attempt_local1060551312_0001_m_000001_0 decomp: 13656168 len: 13656172 to MEMORY
2017-03-07 03:53:05,474 INFO org.apache.hadoop.mapreduce.task.reduce.InMemoryMapOutput: Read 13656168 bytes from map-output for attempt_local1060551312_0001_m_000001_0
2017-03-07 03:53:05,476 INFO org.apache.hadoop.mapreduce.task.reduce.MergeManagerImpl: closeInMemoryFile -> map-output of size: 13656168, inMemoryMapOutputs.size() -> 4, commitMemory -> 40962491, usedMemory ->54618659
2017-03-07 03:53:05,512 INFO org.apache.hadoop.mapreduce.task.reduce.LocalFetcher: localfetcher#1 about to shuffle output of map attempt_local1060551312_0001_m_000003_0 decomp: 13651889 len: 13651893 to MEMORY
2017-03-07 03:53:05,642 INFO org.apache.hadoop.mapreduce.task.reduce.InMemoryMapOutput: Read 13651889 bytes from map-output for attempt_local1060551312_0001_m_000003_0
2017-03-07 03:53:05,644 INFO org.apache.hadoop.mapreduce.task.reduce.MergeManagerImpl: closeInMemoryFile -> map-output of size: 13651889, inMemoryMapOutputs.size() -> 5, commitMemory -> 54618659, usedMemory ->68270548
2017-03-07 03:53:05,675 INFO org.apache.hadoop.mapreduce.task.reduce.LocalFetcher: localfetcher#1 about to shuffle output of map attempt_local1060551312_0001_m_000000_0 decomp: 13657241 len: 13657245 to MEMORY
2017-03-07 03:53:05,806 INFO org.apache.hadoop.mapreduce.task.reduce.InMemoryMapOutput: Read 13657241 bytes from map-output for attempt_local1060551312_0001_m_000000_0
2017-03-07 03:53:05,808 INFO org.apache.hadoop.mapreduce.task.reduce.MergeManagerImpl: closeInMemoryFile -> map-output of size: 13657241, inMemoryMapOutputs.size() -> 6, commitMemory -> 68270548, usedMemory ->81927789
2017-03-07 03:53:05,822 INFO org.apache.hadoop.mapreduce.task.reduce.LocalFetcher: localfetcher#1 about to shuffle output of map attempt_local1060551312_0001_m_000006_0 decomp: 4060699 len: 4060703 to MEMORY
2017-03-07 03:53:05,852 INFO org.apache.hadoop.mapreduce.task.reduce.InMemoryMapOutput: Read 4060699 bytes from map-output for attempt_local1060551312_0001_m_000006_0
2017-03-07 03:53:05,853 INFO org.apache.hadoop.mapreduce.task.reduce.MergeManagerImpl: closeInMemoryFile -> map-output of size: 4060699, inMemoryMapOutputs.size() -> 7, commitMemory -> 81927789, usedMemory ->85988488
2017-03-07 03:53:05,855 INFO org.apache.hadoop.mapreduce.task.reduce.EventFetcher: EventFetcher is interrupted.. Returning
2017-03-07 03:53:05,872 INFO org.apache.hadoop.mapred.LocalJobRunner: 7 / 7 copied.
2017-03-07 03:53:05,880 INFO org.apache.hadoop.mapreduce.task.reduce.MergeManagerImpl: finalMerge called with 7 in-memory map-outputs and 0 on-disk map-outputs
2017-03-07 03:53:05,914 INFO org.apache.hadoop.mapred.Merger: Merging 7 sorted segments
2017-03-07 03:53:05,917 INFO org.apache.hadoop.mapred.Merger: Down to the last merge-pass, with 7 segments left of total size: 85988439 bytes
2017-03-07 03:53:10,350 INFO org.apache.hadoop.mapred.LocalJobRunner: reduce > sort
2017-03-07 03:53:10,654 INFO org.apache.hadoop.mapreduce.Job:  map 100% reduce 39%
2017-03-07 03:53:13,355 INFO org.apache.hadoop.mapred.LocalJobRunner: reduce > sort
2017-03-07 03:53:13,660 INFO org.apache.hadoop.mapreduce.Job:  map 100% reduce 47%
2017-03-07 03:53:16,360 INFO org.apache.hadoop.mapred.LocalJobRunner: reduce > sort
2017-03-07 03:53:16,667 INFO org.apache.hadoop.mapreduce.Job:  map 100% reduce 55%
2017-03-07 03:53:19,363 INFO org.apache.hadoop.mapred.LocalJobRunner: reduce > sort
2017-03-07 03:53:19,674 INFO org.apache.hadoop.mapreduce.Job:  map 100% reduce 62%
2017-03-07 03:53:20,809 INFO org.apache.hadoop.mapreduce.task.reduce.MergeManagerImpl: Merged 7 segments, 85988488 bytes to disk to satisfy reduce memory limit
2017-03-07 03:53:20,812 INFO org.apache.hadoop.mapreduce.task.reduce.MergeManagerImpl: Merging 1 files, 85988480 bytes from disk
2017-03-07 03:53:20,816 INFO org.apache.hadoop.mapreduce.task.reduce.MergeManagerImpl: Merging 0 segments, 0 bytes from memory into reduce
2017-03-07 03:53:20,817 INFO org.apache.hadoop.mapred.Merger: Merging 1 sorted segments
2017-03-07 03:53:20,819 INFO org.apache.hadoop.mapred.Merger: Down to the last merge-pass, with 1 segments left of total size: 85988469 bytes
2017-03-07 03:53:20,822 INFO org.apache.hadoop.mapred.LocalJobRunner: reduce > sort
2017-03-07 03:53:20,853 INFO org.apache.hadoop.conf.Configuration.deprecation: mapred.skip.on is deprecated. Instead, use mapreduce.job.skiprecords
2017-03-07 03:53:22,372 INFO org.apache.hadoop.mapred.LocalJobRunner: reduce > reduce
2017-03-07 03:53:22,682 INFO org.apache.hadoop.mapreduce.Job:  map 100% reduce 67%
2017-03-07 03:53:25,376 INFO org.apache.hadoop.mapred.LocalJobRunner: reduce > reduce
2017-03-07 03:53:25,689 INFO org.apache.hadoop.mapreduce.Job:  map 100% reduce 72%
2017-03-07 03:53:28,379 INFO org.apache.hadoop.mapred.LocalJobRunner: reduce > reduce
2017-03-07 03:53:28,695 INFO org.apache.hadoop.mapreduce.Job:  map 100% reduce 81%
2017-03-07 03:53:31,383 INFO org.apache.hadoop.mapred.LocalJobRunner: reduce > reduce
2017-03-07 03:53:31,702 INFO org.apache.hadoop.mapreduce.Job:  map 100% reduce 89%
2017-03-07 03:53:34,387 INFO org.apache.hadoop.mapred.LocalJobRunner: reduce > reduce
2017-03-07 03:53:34,708 INFO org.apache.hadoop.mapreduce.Job:  map 100% reduce 97%
2017-03-07 03:53:35,536 INFO org.apache.hadoop.mapred.Task: Task:attempt_local1060551312_0001_r_000000_0 is done. And is in the process of committing
2017-03-07 03:53:35,541 INFO org.apache.hadoop.mapred.LocalJobRunner: reduce > reduce
2017-03-07 03:53:35,542 INFO org.apache.hadoop.mapred.Task: Task attempt_local1060551312_0001_r_000000_0 is allowed to commit now
2017-03-07 03:53:35,546 INFO org.apache.hadoop.mapreduce.lib.output.FileOutputCommitter: Saved output of task 'attempt_local1060551312_0001_r_000000_0' to file:/home/cloudera/Desktop/resultat.txt/_temporary/0/task_local1060551312_0001_r_000000
2017-03-07 03:53:35,549 INFO org.apache.hadoop.mapred.LocalJobRunner: reduce > reduce
2017-03-07 03:53:35,550 INFO org.apache.hadoop.mapred.Task: Task 'attempt_local1060551312_0001_r_000000_0' done.
2017-03-07 03:53:35,550 INFO org.apache.hadoop.mapred.LocalJobRunner: Finishing task: attempt_local1060551312_0001_r_000000_0
2017-03-07 03:53:35,551 INFO org.apache.hadoop.mapred.LocalJobRunner: reduce task executor complete.
2017-03-07 03:53:35,699 WARN org.apache.hadoop.mapred.LocalJobRunner: job_local1060551312_0001
java.lang.NoClassDefFoundError: org/apache/http/client/methods/HttpUriRequest
	at org.apache.hadoop.mapred.LocalJobRunner$Job.run(LocalJobRunner.java:573)
Caused by: java.lang.ClassNotFoundException: org.apache.http.client.methods.HttpUriRequest
	at java.net.URLClassLoader$1.run(URLClassLoader.java:366)
	at java.net.URLClassLoader$1.run(URLClassLoader.java:355)
	at java.security.AccessController.doPrivileged(Native Method)
	at java.net.URLClassLoader.findClass(URLClassLoader.java:354)
	at java.lang.ClassLoader.loadClass(ClassLoader.java:425)
	at sun.misc.Launcher$AppClassLoader.loadClass(Launcher.java:308)
	at java.lang.ClassLoader.loadClass(ClassLoader.java:358)
	... 1 more
2017-03-07 03:53:35,711 INFO org.apache.hadoop.mapreduce.Job:  map 100% reduce 100%
2017-03-07 03:53:35,717 INFO org.apache.hadoop.mapreduce.Job: Job job_local1060551312_0001 failed with state FAILED due to: NA
2017-03-07 03:53:36,051 INFO org.apache.hadoop.mapreduce.Job: Counters: 30
	File System Counters
		FILE: Number of bytes read=1299408185
		FILE: Number of bytes written=546943986
		FILE: Number of read operations=0
		FILE: Number of large read operations=0
		FILE: Number of write operations=0
	Map-Reduce Framework
		Map input records=4138476
		Map output records=4138476
		Map output bytes=77711522
		Map output materialized bytes=85988516
		Input split bytes=784
		Combine input records=0
		Combine output records=0
		Reduce input groups=18
		Reduce shuffle bytes=85988516
		Reduce input records=4138476
		Reduce output records=18
		Spilled Records=8276952
		Shuffled Maps =7
		Failed Shuffles=0
		Merged Map outputs=7
		GC time elapsed (ms)=2397
		Total committed heap usage (bytes)=1533399040
	Shuffle Errors
		BAD_ID=0
		CONNECTION=0
		IO_ERROR=0
		WRONG_LENGTH=0
		WRONG_MAP=0
		WRONG_REDUCE=0
	File Input Format Counters 
		Bytes Read=211337500
	File Output Format Counters 
		Bytes Written=578
